[23:05:50.863] [INFO] Storybook Upgrade - v9.1.6
[23:05:50.875] [INFO] detect-projects-spinner-start: Detecting projects...
[23:05:50.877] [DEBUG] Finding Storybook projects...
[23:05:51.367] [DEBUG] Found 1 Storybook projects
[23:05:51.368] [INFO] detect-projects-spinner: Detecting projects: 1 projects
[23:05:51.368] [DEBUG] Getting Storybook data...
[23:05:51.368] [DEBUG] Getting Storybook info...
[23:05:51.369] [DEBUG] Loading main config...
[23:05:51.475] [DEBUG] Getting stories paths...
[23:05:51.490] [DEBUG] Getting package manager...
[23:05:51.824] [DEBUG] Getting Storybook version...
[23:05:51.825] [DEBUG] /.storybook - Validating before version... 8.4.7
[23:05:51.825] [DEBUG] /.storybook - Validating upgrade compatibility...
[23:05:51.825] [DEBUG] /.storybook - Fetching NPM version information...
[23:05:51.825] [DEBUG] Getting CLI versions from NPM for storybook...
[23:05:51.828] [DEBUG] Getting CLI versions from NPM for storybook@next...
[23:05:53.271] [DEBUG] /.storybook - Evaluating blockers...
[23:05:53.274] [DEBUG] Getting installed version for @storybook/experimental-addon-test...
[23:05:54.166] [INFO] detect-projects-spinner-stop: 1 project detected
[23:05:54.166] [DEBUG] Found 1 valid projects and 0 error projects
[23:05:54.166] [INFO] Upgrading from 8.4.7 to 9.1.6
[23:05:54.174] [INFO] upgrade-dependencies-task-start: Fetching versions to update package.json files..
[23:05:54.174] [DEBUG] Updating dependencies in /.storybook...
[23:05:54.180] [INFO] upgrade-dependencies-task: /package.json
[23:05:54.182] [DEBUG] {
  "upgradedDependencies": []
}
[23:05:54.182] [DEBUG] {
  "upgradedDevDependencies": [
    "@storybook/addon-docs@^9.1.6",
    "@storybook/addon-links@^9.1.6",
    "@storybook/nextjs@^9.1.6",
    "@storybook/react@^9.1.6",
    "eslint-plugin-storybook@^9.1.6",
    "storybook@^9.1.6"
  ]
}
[23:05:54.182] [DEBUG] {
  "upgradedPeerDependencies": []
}
[23:05:54.183] [DEBUG] Getting CLI versions from NPM for @storybook/addon-docs...
[23:05:59.499] [DEBUG] Getting CLI versions from NPM for @storybook/addon-links...
[23:06:04.009] [DEBUG] Getting CLI versions from NPM for @storybook/nextjs...
[23:06:08.085] [DEBUG] Getting CLI versions from NPM for @storybook/react...
[23:06:12.710] [DEBUG] Getting CLI versions from NPM for eslint-plugin-storybook...
[23:06:14.016] [DEBUG] Using cached version for storybook...
[23:06:14.021] [INFO] upgrade-dependencies-task-success: Updated package versions in package.json files
[23:06:14.022] [INFO] detect-automigrations-task-start: Detecting automigrations...
[23:06:14.022] [DEBUG] Starting automigration collection across 1 projects and 15 fixes...
[23:06:14.030] [INFO] detect-automigrations-task: Checking automigrations for /.storybook...
[23:06:14.030] [DEBUG] Processing project: /.storybook
[23:06:14.030] [DEBUG] Checking fix eslintPlugin for project /.storybook...
[23:06:14.036] [DEBUG] Checking fix addon-mdx-gfm-remove for project /.storybook...
[23:06:14.037] [DEBUG] Checking fix addon-storysource-code-panel for project /.storybook...
[23:06:14.037] [DEBUG] Checking fix upgrade-storybook-related-dependencies for project /.storybook...
[23:06:14.037] [DEBUG] Checking for incompatible storybook packages...
[23:06:14.041] [DEBUG] Getting installed version for @next/plugin-storybook...
[23:06:14.044] [DEBUG] Getting installed version for @storybook/addon-actions...
[23:06:14.046] [DEBUG] Getting installed version for @storybook/addon-essentials...
[23:06:14.048] [DEBUG] Getting installed version for @storybook/addon-interactions...
[23:06:14.051] [DEBUG] Getting installed version for @storybook/addon-mdx-gfm...
[23:06:14.055] [DEBUG] Getting installed version for @storybook/addon-styling...
[23:06:14.059] [DEBUG] Getting installed version for @storybook/manager-api...
[23:06:14.062] [DEBUG] Getting installed version for @storybook/test...
[23:06:14.065] [DEBUG] Getting installed version for @storybook/theming...
[23:06:14.069] [DEBUG] Getting installed version for storybook-dark-mode...
[23:06:16.246] [DEBUG] Getting CLI versions from NPM for @storybook/addon-actions...
[23:06:16.271] [DEBUG] Getting CLI versions from NPM for @storybook/test...
[23:06:16.411] [DEBUG] Getting CLI versions from NPM for @storybook/addon-mdx-gfm...
[23:06:16.417] [DEBUG] Getting CLI versions from NPM for @storybook/addon-essentials...
[23:06:16.421] [DEBUG] Getting CLI versions from NPM for @storybook/addon-interactions...
[23:06:16.445] [DEBUG] Getting CLI versions from NPM for @storybook/manager-api...
[23:06:16.492] [DEBUG] Getting CLI versions from NPM for @storybook/theming...
[23:06:16.496] [DEBUG] Getting CLI versions from NPM for storybook-dark-mode...
[23:06:16.570] [DEBUG] Getting CLI versions from NPM for @storybook/addon-styling...
[23:06:16.602] [DEBUG] Getting CLI versions from NPM for @next/plugin-storybook...
[23:06:32.563] [DEBUG] Checking fix initial-globals for project /.storybook...
[23:06:32.588] [DEBUG] Checking fix addon-a11y-addon-test for project /.storybook...
[23:06:32.589] [DEBUG] Checking fix consolidated-imports for project /.storybook...
[23:06:32.590] [DEBUG] Checking fix addon-experimental-test for project /.storybook...
[23:06:32.590] [DEBUG] Using cached installed version for @storybook/experimental-addon-test...
[23:06:32.590] [DEBUG] Checking fix rnstorybook-config for project /.storybook...
[23:06:32.590] [DEBUG] Checking fix remove-addon-interactions for project /.storybook...
[23:06:32.590] [DEBUG] Checking fix renderer-to-framework for project /.storybook...
[23:06:32.591] [DEBUG] Checking fix remove-essential-addons for project /.storybook...
[23:06:32.591] [DEBUG] Checking fix addon-a11y-parameters for project /.storybook...
[23:06:32.591] [DEBUG] Checking fix remove-docs-autodocs for project /.storybook...
[23:06:32.597] [DEBUG] Checking fix wrap-require for project /.storybook...
[23:06:32.609] [INFO] detect-automigrations-task: 
Automigrations detected:
[23:06:32.617] [INFO] detect-automigrations-task: ✔ addon-mdx-gfm-remove
[23:06:32.624] [INFO] detect-automigrations-task: ✔ upgrade-storybook-related-dependencies
[23:06:32.630] [INFO] detect-automigrations-task: ✔ consolidated-imports
[23:06:32.639] [INFO] detect-automigrations-task: ✔ remove-addon-interactions
[23:06:32.650] [INFO] detect-automigrations-task: ✔ renderer-to-framework
[23:06:32.662] [INFO] detect-automigrations-task: ✔ remove-essential-addons
[23:06:32.662] [INFO] detect-automigrations-task-success: 6 automigration(s) detected
[23:27:22.876] [PROMPT] Select automigrations to run {"choice":["addon-mdx-gfm-remove","consolidated-imports","remove-addon-interactions","renderer-to-framework","remove-essential-addons","upgrade-storybook-related-dependencies"]}
[23:27:22.877] [INFO] automigrate-/.storybook-task-start: Running automigrations for /.storybook
[23:27:22.884] [DEBUG] Uninstalling @storybook/addon-mdx-gfm
[23:27:22.884] [DEBUG] Removing '@storybook/addon-mdx-gfm' from main.js addons field.
[23:27:22.901] [INFO] automigrate-/.storybook-task: ✔ addon-mdx-gfm-remove
[23:27:22.946] [INFO] automigrate-/.storybook-task: ✔ upgrade-storybook-related-dependencies
[23:27:22.963] [INFO] automigrate-/.storybook-task: ✔ consolidated-imports
[23:27:22.969] [DEBUG] Uninstalling @storybook/addon-interactions
[23:27:22.969] [DEBUG] Removing '@storybook/addon-interactions' from main.js addons field.
[23:27:22.981] [INFO] automigrate-/.storybook-task: ✔ remove-addon-interactions
[23:27:22.981] [DEBUG] 
Migrating @storybook/react to @storybook/nextjs
[23:27:22.984] [DEBUG] Updating package.json files...
[23:27:22.992] [INFO] automigrate-/.storybook-task: ✔ renderer-to-framework
[23:27:22.998] [DEBUG] Uninstalling @storybook/addon-essentials
[23:27:22.999] [DEBUG] Removing '@storybook/addon-essentials' from main.js addons field.
[23:27:23.006] [DEBUG] Uninstalling @storybook/addon-actions
[23:27:23.009] [DEBUG] Getting Storybook info...
[23:27:23.009] [DEBUG] Loading main config...
[23:27:23.019] [DEBUG] Getting stories paths...
[23:27:23.020] [DEBUG] Getting package manager...
[23:27:23.027] [DEBUG] Getting Storybook version...
[23:27:23.042] [INFO] automigrate-/.storybook-task: Verifying @storybook/addon-docs
[23:27:23.050] [INFO] automigrate-/.storybook-task: Installing @storybook/addon-docs@^9.1.6
[23:27:23.051] [DEBUG] Using cached version for @storybook/addon-docs...
[23:27:23.073] [INFO] automigrate-/.storybook-task: ✔ remove-essential-addons
[23:27:23.073] [INFO] automigrate-/.storybook-task-success: Completed automigrations for /.storybook
[23:27:23.074] [INFO] Installing dependencies...
[23:27:23.074] [INFO] install-dependencies-task-start: Installing dependencies...
[23:27:23.529] [INFO] Progress: resolved 1, reused 0, downloaded 0, added 0
[23:27:23.535] [INFO] install-dependencies-task: Progress: resolved 1, reused 0, downloaded 0, added 0
[23:27:23.540] [INFO] WARN  deprecated @storybook/addon-styling@1.3.7: This package has been split into @storybook/addon-styling-webpack and @storybook/addon-themes. More info: https://github.com/storybookjs/addon-styling
[23:27:23.547] [INFO] install-dependencies-task: WARN  deprecated @storybook/addon-styling@1.3.7: This package has been split
into @storybook/addon-styling-webpack and @storybook/addon-themes. More info:
https://github.com/storybookjs/addon-styling
[23:27:23.723] [INFO] WARN  deprecated @builder.io/partytown@0.10.3: Package no longer supported. Contact Support at https://www.npmjs.com/support for more info.
[23:27:23.730] [INFO] install-dependencies-task: WARN  deprecated @builder.io/partytown@0.10.3: Package no longer supported.
Contact Support at https://www.npmjs.com/support for more info.
[23:27:24.531] [INFO] Progress: resolved 114, reused 0, downloaded 0, added 0
[23:27:24.544] [INFO] install-dependencies-task: Progress: resolved 114, reused 0, downloaded 0, added 0
[23:27:25.532] [INFO] Progress: resolved 115, reused 0, downloaded 0, added 0
[23:27:25.547] [INFO] install-dependencies-task: Progress: resolved 115, reused 0, downloaded 0, added 0
[23:27:25.990] [INFO] ╭───────────────────────────────────────────────────────────────────╮
   │                                                                   │
   │                Update available! 10.4.1 → 10.17.0.                │
   │   Changelog: https://github.com/pnpm/pnpm/releases/tag/v10.17.0   │
   │            Run "corepack use pnpm@10.17.0" to update.             │
   │                                                                   │
   ╰───────────────────────────────────────────────────────────────────╯
[23:27:26.001] [INFO] install-dependencies-task: ╭───────────────────────────────────────────────────────────────────╮
│                                                                   │
│                Update available! 10.4.1 → 10.17.0.                │
│   Changelog: https://github.com/pnpm/pnpm/releases/tag/v10.17.0   │
│            Run "corepack use pnpm@10.17.0" to update.             │
│                                                                   │
╰───────────────────────────────────────────────────────────────────╯
[23:27:26.534] [INFO] Progress: resolved 117, reused 0, downloaded 0, added 0
[23:27:26.549] [INFO] install-dependencies-task: Progress: resolved 117, reused 0, downloaded 0, added 0
[23:27:27.535] [INFO] Progress: resolved 118, reused 0, downloaded 0, added 0
[23:27:27.550] [INFO] install-dependencies-task: Progress: resolved 118, reused 0, downloaded 0, added 0
[23:27:45.575] [INFO] Progress: resolved 119, reused 0, downloaded 0, added 0
[23:27:45.580] [INFO] install-dependencies-task: Progress: resolved 119, reused 0, downloaded 0, added 0
[23:27:46.576] [INFO] Progress: resolved 190, reused 0, downloaded 0, added 0
[23:27:46.588] [INFO] install-dependencies-task: Progress: resolved 190, reused 0, downloaded 0, added 0
[23:27:47.581] [INFO] Progress: resolved 323, reused 0, downloaded 0, added 0
[23:27:47.588] [INFO] install-dependencies-task: Progress: resolved 323, reused 0, downloaded 0, added 0
[23:27:48.583] [INFO] Progress: resolved 652, reused 0, downloaded 0, added 0
[23:27:48.591] [INFO] install-dependencies-task: Progress: resolved 652, reused 0, downloaded 0, added 0
[23:27:49.588] [INFO] Progress: resolved 899, reused 0, downloaded 0, added 0
[23:27:49.595] [INFO] install-dependencies-task: Progress: resolved 899, reused 0, downloaded 0, added 0
[23:27:50.588] [INFO] Progress: resolved 962, reused 0, downloaded 0, added 0
[23:27:50.597] [INFO] install-dependencies-task: Progress: resolved 962, reused 0, downloaded 0, added 0
[23:27:51.591] [INFO] Progress: resolved 1368, reused 0, downloaded 0, added 0
[23:27:51.598] [INFO] install-dependencies-task: Progress: resolved 1368, reused 0, downloaded 0, added 0
[23:27:52.592] [INFO] Progress: resolved 1662, reused 0, downloaded 0, added 0
[23:27:52.602] [INFO] install-dependencies-task: Progress: resolved 1662, reused 0, downloaded 0, added 0
[23:27:53.593] [INFO] Progress: resolved 1666, reused 0, downloaded 0, added 0
[23:27:53.606] [INFO] install-dependencies-task: Progress: resolved 1666, reused 0, downloaded 0, added 0
[23:27:54.594] [INFO] Progress: resolved 1677, reused 0, downloaded 0, added 0
[23:27:54.607] [INFO] install-dependencies-task: Progress: resolved 1677, reused 0, downloaded 0, added 0
[23:27:55.595] [INFO] Progress: resolved 1705, reused 0, downloaded 0, added 0
[23:27:55.608] [INFO] install-dependencies-task: Progress: resolved 1705, reused 0, downloaded 0, added 0
[23:27:56.595] [INFO] Progress: resolved 1749, reused 0, downloaded 0, added 0
[23:27:56.608] [INFO] install-dependencies-task: Progress: resolved 1749, reused 0, downloaded 0, added 0
[23:27:57.595] [INFO] Progress: resolved 1776, reused 0, downloaded 0, added 0
[23:27:57.603] [INFO] install-dependencies-task: Progress: resolved 1776, reused 0, downloaded 0, added 0
[23:27:58.596] [INFO] Progress: resolved 1787, reused 0, downloaded 0, added 0
[23:27:58.610] [INFO] install-dependencies-task: Progress: resolved 1787, reused 0, downloaded 0, added 0
[23:27:59.597] [INFO] Progress: resolved 1796, reused 0, downloaded 0, added 0
[23:27:59.602] [INFO] install-dependencies-task: Progress: resolved 1796, reused 0, downloaded 0, added 0
[23:28:00.598] [INFO] Progress: resolved 1815, reused 0, downloaded 0, added 0
[23:28:00.608] [INFO] install-dependencies-task: Progress: resolved 1815, reused 0, downloaded 0, added 0
[23:28:01.598] [INFO] Progress: resolved 1840, reused 0, downloaded 0, added 0
[23:28:01.609] [INFO] install-dependencies-task: Progress: resolved 1840, reused 0, downloaded 0, added 0
[23:28:02.598] [INFO] Progress: resolved 1875, reused 0, downloaded 0, added 0
[23:28:02.607] [INFO] install-dependencies-task: Progress: resolved 1875, reused 0, downloaded 0, added 0
[23:28:03.599] [INFO] Progress: resolved 1883, reused 0, downloaded 0, added 0
[23:28:03.615] [INFO] install-dependencies-task: Progress: resolved 1883, reused 0, downloaded 0, added 0
[23:28:04.600] [INFO] Progress: resolved 1890, reused 0, downloaded 0, added 0
[23:28:04.615] [INFO] install-dependencies-task: Progress: resolved 1890, reused 0, downloaded 0, added 0
[23:28:05.601] [INFO] Progress: resolved 1896, reused 0, downloaded 0, added 0
[23:28:05.615] [INFO] install-dependencies-task: Progress: resolved 1896, reused 0, downloaded 0, added 0
[23:28:06.169] [INFO] WARN  11 deprecated subdependencies found: abab@2.0.6, domexception@4.0.0, glob@7.2.3, inflight@1.0.6, rimraf@2.7.1, rimraf@3.0.2, rollup-plugin-terser@7.0.2, source-map@0.8.0-beta.0, sourcemap-codec@1.4.8, workbox-cacheable-response@6.6.0, workbox-google-analytics@6.6.0
[23:28:06.177] [INFO] install-dependencies-task: WARN  11 deprecated subdependencies found: abab@2.0.6, domexception@4.0.0,
glob@7.2.3, inflight@1.0.6, rimraf@2.7.1, rimraf@3.0.2,
rollup-plugin-terser@7.0.2, source-map@0.8.0-beta.0, sourcemap-codec@1.4.8,
workbox-cacheable-response@6.6.0, workbox-google-analytics@6.6.0
[23:28:06.301] [INFO] WARN  Issues with peer dependencies found
.
├─┬ @tanstack/react-query 4.36.1
│ ├── ✕ unmet peer react@"^16.8.0 || ^17.0.0 || ^18.0.0": found 19.1.0
│ └── ✕ unmet peer react-dom@"^16.8.0 || ^17.0.0 || ^18.0.0": found 19.1.0
├─┬ @storybook/addon-styling 1.3.7
│ ├── ✕ unmet peer react@"^16.8.0 || ^17.0.0 || ^18.0.0": found 19.1.0
│ ├── ✕ unmet peer react-dom@"^16.8.0 || ^17.0.0 || ^18.0.0": found 19.1.0
│ ├─┬ @storybook/api 7.6.17
│ │ └─┬ @storybook/manager-api 7.6.17
│ │   └─┬ @storybook/theming 7.6.17
│ │     ├── ✕ unmet peer react@"^16.8.0 || ^17.0.0 || ^18.0.0": found 19.1.0
│ │     └── ✕ unmet peer react-dom@"^16.8.0 || ^17.0.0 || ^18.0.0": found 19.1.0
│ ├─┬ @storybook/theming 7.6.20
│ │ ├── ✕ unmet peer react@"^16.8.0 || ^17.0.0 || ^18.0.0": found 19.1.0
│ │ └── ✕ unmet peer react-dom@"^16.8.0 || ^17.0.0 || ^18.0.0": found 19.1.0
│ └─┬ @storybook/components 7.6.20
│   ├── ✕ unmet peer react@"^16.8.0 || ^17.0.0 || ^18.0.0": found 19.1.0
│   ├── ✕ unmet peer react-dom@"^16.8.0 || ^17.0.0 || ^18.0.0": found 19.1.0
│   ├─┬ use-resize-observer 9.1.0
│   │ ├── ✕ unmet peer react@"16.8.0 - 18": found 19.1.0
│   │ └── ✕ unmet peer react-dom@"16.8.0 - 18": found 19.1.0
│   └─┬ @radix-ui/react-select 1.2.2
│     ├── ✕ unmet peer react@"^16.8 || ^17.0 || ^18.0": found 19.1.0
│     ├── ✕ unmet peer react-dom@"^16.8 || ^17.0 || ^18.0": found 19.1.0
│     ├─┬ react-remove-scroll 2.5.5
│     │ └── ✕ unmet peer react@"^16.8.0 || ^17.0.0 || ^18.0.0": found 19.1.0
│     ├─┬ @radix-ui/react-slot 1.0.2
│     │ ├── ✕ unmet peer react@"^16.8 || ^17.0 || ^18.0": found 19.1.0
│     │ └─┬ @radix-ui/react-compose-refs 1.0.1
│     │   └── ✕ unmet peer react@"^16.8 || ^17.0 || ^18.0": found 19.1.0
│     ├─┬ @radix-ui/react-id 1.0.1
│     │ ├── ✕ unmet peer react@"^16.8 || ^17.0 || ^18.0": found 19.1.0
│     │ └─┬ @radix-ui/react-use-layout-effect 1.0.1
│     │   └── ✕ unmet peer react@"^16.8 || ^17.0 || ^18.0": found 19.1.0
│     ├─┬ @radix-ui/react-portal 1.0.3
│     │ ├── ✕ unmet peer react@"^16.8 || ^17.0 || ^18.0": found 19.1.0
│     │ ├── ✕ unmet peer react-dom@"^16.8 || ^17.0 || ^18.0": found 19.1.0
│     │ └─┬ @radix-ui/react-primitive 1.0.3
│     │   ├── ✕ unmet peer react@"^16.8 || ^17.0 || ^18.0": found 19.1.0
│     │   └── ✕ unmet peer react-dom@"^16.8 || ^17.0 || ^18.0": found 19.1.0
│     ├─┬ @radix-ui/react-direction 1.0.1
│     │ └── ✕ unmet peer react@"^16.8 || ^17.0 || ^18.0": found 19.1.0
│     ├─┬ @radix-ui/react-popper 1.1.2
│     │ ├── ✕ unmet peer react@"^16.8 || ^17.0 || ^18.0": found 19.1.0
│     │ ├── ✕ unmet peer react-dom@"^16.8 || ^17.0 || ^18.0": found 19.1.0
│     │ ├─┬ @radix-ui/react-context 1.0.1
│     │ │ └── ✕ unmet peer react@"^16.8 || ^17.0 || ^18.0": found 19.1.0
│     │ ├─┬ @radix-ui/react-arrow 1.0.3
│     │ │ ├── ✕ unmet peer react@"^16.8 || ^17.0 || ^18.0": found 19.1.0
│     │ │ └── ✕ unmet peer react-dom@"^16.8 || ^17.0 || ^18.0": found 19.1.0
│     │ ├─┬ @radix-ui/react-use-rect 1.0.1
│     │ │ └── ✕ unmet peer react@"^16.8 || ^17.0 || ^18.0": found 19.1.0
│     │ ├─┬ @radix-ui/react-use-size 1.0.1
│     │ │ └── ✕ unmet peer react@"^16.8 || ^17.0 || ^18.0": found 19.1.0
│     │ └─┬ @radix-ui/react-use-callback-ref 1.0.1
│     │   └── ✕ unmet peer react@"^16.8 || ^17.0 || ^18.0": found 19.1.0
│     ├─┬ @radix-ui/react-collection 1.0.3
│     │ ├── ✕ unmet peer react@"^16.8 || ^17.0 || ^18.0": found 19.1.0
│     │ └── ✕ unmet peer react-dom@"^16.8 || ^17.0 || ^18.0": found 19.1.0
│     ├─┬ @radix-ui/react-focus-scope 1.0.3
│     │ ├── ✕ unmet peer react@"^16.8 || ^17.0 || ^18.0": found 19.1.0
│     │ └── ✕ unmet peer react-dom@"^16.8 || ^17.0 || ^18.0": found 19.1.0
│     ├─┬ @radix-ui/react-focus-guards 1.0.1
│     │ └── ✕ unmet peer react@"^16.8 || ^17.0 || ^18.0": found 19.1.0
│     ├─┬ @radix-ui/react-use-previous 1.0.1
│     │ └── ✕ unmet peer react@"^16.8 || ^17.0 || ^18.0": found 19.1.0
│     ├─┬ @radix-ui/react-visually-hidden 1.0.3
│     │ ├── ✕ unmet peer react@"^16.8 || ^17.0 || ^18.0": found 19.1.0
│     │ └── ✕ unmet peer react-dom@"^16.8 || ^17.0 || ^18.0": found 19.1.0
│     ├─┬ @radix-ui/react-dismissable-layer 1.0.4
│     │ ├── ✕ unmet peer react@"^16.8 || ^17.0 || ^18.0": found 19.1.0
│     │ ├── ✕ unmet peer react-dom@"^16.8 || ^17.0 || ^18.0": found 19.1.0
│     │ └─┬ @radix-ui/react-use-escape-keydown 1.0.3
│     │   └── ✕ unmet peer react@"^16.8 || ^17.0 || ^18.0": found 19.1.0
│     └─┬ @radix-ui/react-use-controllable-state 1.0.1
│       └── ✕ unmet peer react@"^16.8 || ^17.0 || ^18.0": found 19.1.0
├─┬ @tanstack/react-query-devtools 4.36.1
│ ├── ✕ unmet peer react@"^16.8.0 || ^17.0.0 || ^18.0.0": found 19.1.0
│ └── ✕ unmet peer react-dom@"^16.8.0 || ^17.0.0 || ^18.0.0": found 19.1.0
├─┬ next 15.5.3
│ └── ✕ unmet peer @playwright/test@^1.51.1: found 1.50.1
└─┬ storybook-dark-mode 4.0.2
  ├─┬ @storybook/components 8.4.7
  │ └── ✕ unmet peer storybook@"^8.2.0 || ^8.3.0-0 || ^8.4.0-0 || ^8.5.0-0 || ^8.6.0-0": found 9.1.6
  ├─┬ @storybook/manager-api 8.6.3
  │ └── ✕ unmet peer storybook@"^8.2.0 || ^8.3.0-0 || ^8.4.0-0 || ^8.5.0-0 || ^8.6.0-0": found 9.1.6
  ├─┬ @storybook/core-events 8.4.7
  │ └── ✕ unmet peer storybook@"^8.2.0 || ^8.3.0-0 || ^8.4.0-0 || ^8.5.0-0 || ^8.6.0-0": found 9.1.6
  └─┬ @storybook/theming 8.6.14
    └── ✕ unmet peer storybook@"^8.2.0 || ^8.3.0-0 || ^8.4.0-0 || ^8.5.0-0 || ^8.6.0-0": found 9.1.6
[23:28:06.315] [INFO] install-dependencies-task: WARN  Issues with peer dependencies found
.
├─┬ @tanstack/react-query 4.36.1
│ ├── ✕ unmet peer react@"^16.8.0 || ^17.0.0 || ^18.0.0": found 19.1.0
│ └── ✕ unmet peer react-dom@"^16.8.0 || ^17.0.0 || ^18.0.0": found 19.1.0
├─┬ @storybook/addon-styling 1.3.7
│ ├── ✕ unmet peer react@"^16.8.0 || ^17.0.0 || ^18.0.0": found 19.1.0
│ ├── ✕ unmet peer react-dom@"^16.8.0 || ^17.0.0 || ^18.0.0": found 19.1.0
│ ├─┬ @storybook/api 7.6.17
│ │ └─┬ @storybook/manager-api 7.6.17
│ │   └─┬ @storybook/theming 7.6.17
│ │     ├── ✕ unmet peer react@"^16.8.0 || ^17.0.0 || ^18.0.0": found 19.1.0
│ │     └── ✕ unmet peer react-dom@"^16.8.0 || ^17.0.0 || ^18.0.0": found 19.1.0
│ ├─┬ @storybook/theming 7.6.20
│ │ ├── ✕ unmet peer react@"^16.8.0 || ^17.0.0 || ^18.0.0": found 19.1.0
│ │ └── ✕ unmet peer react-dom@"^16.8.0 || ^17.0.0 || ^18.0.0": found 19.1.0
│ └─┬ @storybook/components 7.6.20
│   ├── ✕ unmet peer react@"^16.8.0 || ^17.0.0 || ^18.0.0": found 19.1.0
│   ├── ✕ unmet peer react-dom@"^16.8.0 || ^17.0.0 || ^18.0.0": found 19.1.0
│   ├─┬ use-resize-observer 9.1.0
│   │ ├── ✕ unmet peer react@"16.8.0 - 18": found 19.1.0
│   │ └── ✕ unmet peer react-dom@"16.8.0 - 18": found 19.1.0
│   └─┬ @radix-ui/react-select 1.2.2
│     ├── ✕ unmet peer react@"^16.8 || ^17.0 || ^18.0": found 19.1.0
│     ├── ✕ unmet peer react-dom@"^16.8 || ^17.0 || ^18.0": found 19.1.0
│     ├─┬ react-remove-scroll 2.5.5
│     │ └── ✕ unmet peer react@"^16.8.0 || ^17.0.0 || ^18.0.0": found 19.1.0
│     ├─┬ @radix-ui/react-slot 1.0.2
│     │ ├── ✕ unmet peer react@"^16.8 || ^17.0 || ^18.0": found 19.1.0
│     │ └─┬ @radix-ui/react-compose-refs 1.0.1
│     │   └── ✕ unmet peer react@"^16.8 || ^17.0 || ^18.0": found 19.1.0
│     ├─┬ @radix-ui/react-id 1.0.1
│     │ ├── ✕ unmet peer react@"^16.8 || ^17.0 || ^18.0": found 19.1.0
│     │ └─┬ @radix-ui/react-use-layout-effect 1.0.1
│     │   └── ✕ unmet peer react@"^16.8 || ^17.0 || ^18.0": found 19.1.0
│     ├─┬ @radix-ui/react-portal 1.0.3
│     │ ├── ✕ unmet peer react@"^16.8 || ^17.0 || ^18.0": found 19.1.0
│     │ ├── ✕ unmet peer react-dom@"^16.8 || ^17.0 || ^18.0": found 19.1.0
│     │ └─┬ @radix-ui/react-primitive 1.0.3
│     │   ├── ✕ unmet peer react@"^16.8 || ^17.0 || ^18.0": found 19.1.0
│     │   └── ✕ unmet peer react-dom@"^16.8 || ^17.0 || ^18.0": found 19.1.0
│     ├─┬ @radix-ui/react-direction 1.0.1
│     │ └── ✕ unmet peer react@"^16.8 || ^17.0 || ^18.0": found 19.1.0
│     ├─┬ @radix-ui/react-popper 1.1.2
│     │ ├── ✕ unmet peer react@"^16.8 || ^17.0 || ^18.0": found 19.1.0
│     │ ├── ✕ unmet peer react-dom@"^16.8 || ^17.0 || ^18.0": found 19.1.0
│     │ ├─┬ @radix-ui/react-context 1.0.1
│     │ │ └── ✕ unmet peer react@"^16.8 || ^17.0 || ^18.0": found 19.1.0
│     │ ├─┬ @radix-ui/react-arrow 1.0.3
│     │ │ ├── ✕ unmet peer react@"^16.8 || ^17.0 || ^18.0": found 19.1.0
│     │ │ └── ✕ unmet peer react-dom@"^16.8 || ^17.0 || ^18.0": found 19.1.0
│     │ ├─┬ @radix-ui/react-use-rect 1.0.1
│     │ │ └── ✕ unmet peer react@"^16.8 || ^17.0 || ^18.0": found 19.1.0
│     │ ├─┬ @radix-ui/react-use-size 1.0.1
│     │ │ └── ✕ unmet peer react@"^16.8 || ^17.0 || ^18.0": found 19.1.0
│     │ └─┬ @radix-ui/react-use-callback-ref 1.0.1
│     │   └── ✕ unmet peer react@"^16.8 || ^17.0 || ^18.0": found 19.1.0
│     ├─┬ @radix-ui/react-collection 1.0.3
│     │ ├── ✕ unmet peer react@"^16.8 || ^17.0 || ^18.0": found 19.1.0
│     │ └── ✕ unmet peer react-dom@"^16.8 || ^17.0 || ^18.0": found 19.1.0
│     ├─┬ @radix-ui/react-focus-scope 1.0.3
│     │ ├── ✕ unmet peer react@"^16.8 || ^17.0 || ^18.0": found 19.1.0
│     │ └── ✕ unmet peer react-dom@"^16.8 || ^17.0 || ^18.0": found 19.1.0
│     ├─┬ @radix-ui/react-focus-guards 1.0.1
│     │ └── ✕ unmet peer react@"^16.8 || ^17.0 || ^18.0": found 19.1.0
│     ├─┬ @radix-ui/react-use-previous 1.0.1
│     │ └── ✕ unmet peer react@"^16.8 || ^17.0 || ^18.0": found 19.1.0
│     ├─┬ @radix-ui/react-visually-hidden 1.0.3
│     │ ├── ✕ unmet peer react@"^16.8 || ^17.0 || ^18.0": found 19.1.0
│     │ └── ✕ unmet peer react-dom@"^16.8 || ^17.0 || ^18.0": found 19.1.0
│     ├─┬ @radix-ui/react-dismissable-layer 1.0.4
│     │ ├── ✕ unmet peer react@"^16.8 || ^17.0 || ^18.0": found 19.1.0
│     │ ├── ✕ unmet peer react-dom@"^16.8 || ^17.0 || ^18.0": found 19.1.0
│     │ └─┬ @radix-ui/react-use-escape-keydown 1.0.3
│     │   └── ✕ unmet peer react@"^16.8 || ^17.0 || ^18.0": found 19.1.0
│     └─┬ @radix-ui/react-use-controllable-state 1.0.1
│       └── ✕ unmet peer react@"^16.8 || ^17.0 || ^18.0": found 19.1.0
├─┬ @tanstack/react-query-devtools 4.36.1
│ ├── ✕ unmet peer react@"^16.8.0 || ^17.0.0 || ^18.0.0": found 19.1.0
│ └── ✕ unmet peer react-dom@"^16.8.0 || ^17.0.0 || ^18.0.0": found 19.1.0
├─┬ next 15.5.3
│ └── ✕ unmet peer @playwright/test@^1.51.1: found 1.50.1
└─┬ storybook-dark-mode 4.0.2
├─┬ @storybook/components 8.4.7
│ └── ✕ unmet peer storybook@"^8.2.0 || ^8.3.0-0 || ^8.4.0-0 || ^8.5.0-0 ||
^8.6.0-0": found 9.1.6
├─┬ @storybook/manager-api 8.6.3
│ └── ✕ unmet peer storybook@"^8.2.0 || ^8.3.0-0 || ^8.4.0-0 || ^8.5.0-0 ||
^8.6.0-0": found 9.1.6
├─┬ @storybook/core-events 8.4.7
│ └── ✕ unmet peer storybook@"^8.2.0 || ^8.3.0-0 || ^8.4.0-0 || ^8.5.0-0 ||
^8.6.0-0": found 9.1.6
└─┬ @storybook/theming 8.6.14
└── ✕ unmet peer storybook@"^8.2.0 || ^8.3.0-0 || ^8.4.0-0 || ^8.5.0-0 ||
^8.6.0-0": found 9.1.6
[23:28:06.315] [INFO] 
[23:28:06.324] [INFO] install-dependencies-task: 
[23:28:06.832] [INFO] Progress: resolved 1897, reused 11, downloaded 0, added 0
[23:28:06.841] [INFO] install-dependencies-task: Progress: resolved 1897, reused 11, downloaded 0, added 0
[23:28:07.494] [INFO] Packages: +76 -252
++++++++++++++++++--------------------------------------------------------------
[23:28:07.501] [INFO] install-dependencies-task: Packages: +76 -252
++++++++++++++++++--------------------------------------------------------------
[23:28:07.833] [INFO] Progress: resolved 1897, reused 161, downloaded 0, added 60
[23:28:07.845] [INFO] install-dependencies-task: Progress: resolved 1897, reused 161, downloaded 0, added 60
[23:28:08.833] [INFO] Progress: resolved 1897, reused 161, downloaded 4, added 60
[23:28:08.849] [INFO] install-dependencies-task: Progress: resolved 1897, reused 161, downloaded 4, added 60
[23:28:09.834] [INFO] Progress: resolved 1897, reused 161, downloaded 5, added 60
[23:28:09.849] [INFO] install-dependencies-task: Progress: resolved 1897, reused 161, downloaded 5, added 60
[23:28:10.833] [INFO] Progress: resolved 1897, reused 161, downloaded 7, added 60
[23:28:10.849] [INFO] install-dependencies-task: Progress: resolved 1897, reused 161, downloaded 7, added 60
[23:28:19.329] [INFO] Progress: resolved 1897, reused 161, downloaded 8, added 60
[23:28:19.336] [INFO] install-dependencies-task: Progress: resolved 1897, reused 161, downloaded 8, added 60
[23:28:20.501] [INFO] Progress: resolved 1897, reused 161, downloaded 9, added 60
[23:28:20.508] [INFO] install-dependencies-task: Progress: resolved 1897, reused 161, downloaded 9, added 60
[23:28:21.502] [INFO] Progress: resolved 1897, reused 161, downloaded 10, added 60
[23:28:21.515] [INFO] install-dependencies-task: Progress: resolved 1897, reused 161, downloaded 10, added 60
[23:28:22.627] [INFO] Progress: resolved 1897, reused 161, downloaded 11, added 60
[23:28:22.634] [INFO] install-dependencies-task: Progress: resolved 1897, reused 161, downloaded 11, added 60
[23:28:25.114] [INFO] Progress: resolved 1897, reused 161, downloaded 12, added 60
[23:28:25.126] [INFO] install-dependencies-task: Progress: resolved 1897, reused 161, downloaded 12, added 60
[23:28:27.496] [INFO] Progress: resolved 1897, reused 161, downloaded 13, added 60
[23:28:27.502] [INFO] install-dependencies-task: Progress: resolved 1897, reused 161, downloaded 13, added 60
[23:28:30.061] [INFO] Progress: resolved 1897, reused 161, downloaded 14, added 60
[23:28:30.067] [INFO] install-dependencies-task: Progress: resolved 1897, reused 161, downloaded 14, added 60
[23:28:32.267] [INFO] Progress: resolved 1897, reused 161, downloaded 15, added 60
[23:28:32.279] [INFO] install-dependencies-task: Progress: resolved 1897, reused 161, downloaded 15, added 60
[23:28:33.268] [INFO] Progress: resolved 1897, reused 161, downloaded 17, added 60
[23:28:33.283] [INFO] install-dependencies-task: Progress: resolved 1897, reused 161, downloaded 17, added 60
[23:28:34.268] [INFO] Progress: resolved 1897, reused 161, downloaded 18, added 60
[23:28:34.275] [INFO] install-dependencies-task: Progress: resolved 1897, reused 161, downloaded 18, added 60
[23:28:35.270] [INFO] Progress: resolved 1897, reused 161, downloaded 19, added 60
[23:28:35.285] [INFO] install-dependencies-task: Progress: resolved 1897, reused 161, downloaded 19, added 60
[23:28:36.271] [INFO] Progress: resolved 1897, reused 161, downloaded 21, added 60
[23:28:36.284] [INFO] install-dependencies-task: Progress: resolved 1897, reused 161, downloaded 21, added 60
[23:28:37.271] [INFO] Progress: resolved 1897, reused 161, downloaded 24, added 60
[23:28:37.285] [INFO] install-dependencies-task: Progress: resolved 1897, reused 161, downloaded 24, added 60
[23:28:38.272] [INFO] Progress: resolved 1897, reused 161, downloaded 25, added 60
[23:28:38.286] [INFO] install-dependencies-task: Progress: resolved 1897, reused 161, downloaded 25, added 60
[23:28:39.272] [INFO] Progress: resolved 1897, reused 161, downloaded 26, added 60
[23:28:39.284] [INFO] install-dependencies-task: Progress: resolved 1897, reused 161, downloaded 26, added 60
[23:28:40.272] [INFO] Progress: resolved 1897, reused 161, downloaded 29, added 60
[23:28:40.281] [INFO] install-dependencies-task: Progress: resolved 1897, reused 161, downloaded 29, added 60
[23:28:41.272] [INFO] Progress: resolved 1897, reused 161, downloaded 35, added 60
[23:28:41.281] [INFO] install-dependencies-task: Progress: resolved 1897, reused 161, downloaded 35, added 60
[23:28:42.273] [INFO] Progress: resolved 1897, reused 161, downloaded 42, added 65
[23:28:42.286] [INFO] install-dependencies-task: Progress: resolved 1897, reused 161, downloaded 42, added 65
[23:28:43.274] [INFO] Progress: resolved 1897, reused 161, downloaded 48, added 75
[23:28:43.287] [INFO] install-dependencies-task: Progress: resolved 1897, reused 161, downloaded 48, added 75
[23:28:43.594] [INFO] Progress: resolved 1897, reused 161, downloaded 49, added 76, done
[23:28:43.601] [INFO] install-dependencies-task: Progress: resolved 1897, reused 161, downloaded 49, added 76, done
[23:28:43.953] [INFO] Done in 1m 20.8s using pnpm v10.4.1
[23:28:43.961] [INFO] install-dependencies-task: Done in 1m 20.8s using pnpm v10.4.1
[23:45:33.893] [INFO] Dependencies installed
[23:45:33.893] [INFO] install-dependencies-task-success: Dependencies installed
[23:45:33.893] [INFO] Checking the health of your project(s)..
[23:45:34.615] [WARN] /.storybook: 1 issue found
[23:45:34.621] [INFO] You are currently using Storybook 9.1.6 but you have packages which are incompatible with it:

- @storybook/addon-styling@1.3.7 which depends on ^7.0.12
- storybook-dark-mode@4.0.2 which depends on ^8.0.0

Please consider updating your packages or contacting the maintainers for compatibility details.

For more on Storybook 9 compatibility, see the linked GitHub issue:
https://github.com/storybookjs/storybook/issues/30944
[23:45:34.621] [INFO] Incompatible Packages
[23:45:34.626] [INFO] You are currently using Storybook 9.1.6 but you have packages which are incompatible with it:

- @storybook/addon-styling@1.3.7 which depends on ^7.0.12
- storybook-dark-mode@4.0.2 which depends on ^8.0.0

Please consider updating your packages or contacting the maintainers for compatibility details.

For more on Storybook 9 compatibility, see the linked GitHub issue:
https://github.com/storybookjs/storybook/issues/30944
[23:45:34.633] [INFO] Storybook doctor is complete!
[23:45:34.638] [INFO] You can always recheck the health of your project(s) by running:
npx storybook doctor
[23:45:34.645] [INFO] The upgrade is complete!
[23:45:34.653] [INFO] Your project(s) have been upgraded successfully, but some issues were found which need your attention, please check Storybook doctor logs above.
[23:45:34.713] [INFO] If you want to learn more about the automigrations that executed in your project(s), please check the following links:

• addon-mdx-gfm-remove
• upgrade-storybook-related-dependencies
• consolidated-imports
• remove-addon-interactions
• renderer-to-framework
• remove-essential-addons
[23:45:34.723] [INFO] For a full list of changes, please check our migration guide: https://storybook.js.org/docs/migration-guide?ref=upgrade
[23:45:34.733] [INFO] Attention: Storybook now collects completely anonymous telemetry regarding usage. This information is used to shape Storybook's roadmap and prioritize features.
[23:45:34.742] [INFO] You can learn more, including how to opt-out if you'd not like to participate in this anonymous program, by visiting the following URL:
[23:45:34.752] [INFO] https://storybook.js.org/telemetry
[23:45:34.760] [INFO] 